-------------------------------------------------------------------------------
Test set: cput.ac.za.MavenProjectTest
-------------------------------------------------------------------------------
Tests run: 1, Failures: 1, Errors: 0, Skipped: 0, Time elapsed: 0.098 s <<< FAILURE! - in cput.ac.za.MavenProjectTest
Shop(cput.ac.za.MavenProjectTest)  Time elapsed: 0.024 s  <<< FAILURE!
java.lang.AssertionError: Salisbury expected:<Eugene> but was:<43>
	at cput.ac.za.MavenProjectTest.Shop(MavenProjectTest.java:16)

